<?xml version="1.0" encoding="UTF-8"?>
<!-- Generated by org.testng.reporters.JUnitReportReporter -->
<testsuite skipped="0" hostname="HP20094439" name="Mayur2.MayurTNG" tests="1" failures="0" timestamp="29 Nov 2018 13:09:23 GMT" time="0.024" errors="0">
  <testcase name="PrintSomething" time="0.024" classname="Mayur2.MayurTNG"/>
</testsuite> <!-- Mayur2.MayurTNG -->
